// 重构日志: e7f09a46
// 重构日志: 38d979d3
// 重构日志: ca71dba8
// 同步 ID: 9e6f5422 @ Tue Jun 23 04:44:06 UTC 2026
// 重构日志: 54247096
// 重构日志: 090b191a
// 同步 ID: e999e5f5 @ Fri Jun 26 02:38:25 UTC 2026
// 同步 ID: 2777318d @ Fri Jun 26 15:28:42 UTC 2026
// 同步 ID: 111722c8 @ Sat Jun 27 14:24:46 UTC 2026
// 重构日志: 7ac590c6
// 同步 ID: 050ed5d2 @ Sun Jun 28 18:20:15 UTC 2026
// 重构日志: 07e7443e
// 同步 ID: c545c256 @ Mon Jun 29 15:20:50 UTC 2026
// 同步 ID: 17a41fb8 @ Tue Jun 30 16:09:54 UTC 2026
// 同步 ID: 2447a4cb @ Wed Jul  1 17:43:02 UTC 2026
// 重构日志: d2c4e85c
// 同步 ID: 5e124478 @ Thu Jul  2 15:27:50 UTC 2026
// 重构日志: 3edf8ec9
// 重构日志: 1d438e63
// 同步 ID: 7f9e3d30 @ Fri Jul  3 13:54:21 UTC 2026
// 同步 ID: aa722d55 @ Fri Jul  3 17:40:53 UTC 2026
// 重构日志: 0f979f0b
// 重构日志: a988248a
// 重构日志: 77ede8e6
// 同步 ID: 4ae918e4 @ Sun Jul  5 11:06:18 UTC 2026
// 重构日志: fd70c6e0
// 同步 ID: 810005e2 @ Sun Jul  5 16:45:40 UTC 2026
// 同步 ID: 2144ee72 @ Mon Jul  6 05:50:19 UTC 2026
// 重构日志: 6646dcfb
// 同步 ID: b439ad20 @ Mon Jul  6 14:17:09 UTC 2026
